<?xml version="1.0" encoding="UTF-8"?>
<!-- Generated by org.testng.reporters.JUnitReportReporter -->
<testsuite hostname="DESKTOP-05GF38H" failures="0" tests="2" name="qaclcikacademy.AppiumTest" time="0.016" errors="0" timestamp="18 Mar 2020 10:10:54 GMT">
  <testcase classname="qaclcikacademy.AppiumTest" name="postelement" time="0.002"/>
  <testcase classname="qaclcikacademy.AppiumTest" name="Browesr" time="0.014"/>
</testsuite> <!-- qaclcikacademy.AppiumTest -->
