<?xml version="1.0" encoding="UTF-8"?>
<!-- Generated by org.testng.reporters.JUnitReportReporter -->
<testsuite hostname="DESKTOP-05GF38H" failures="0" tests="2" name="qaclcikacademy.APItTest" time="0.002" errors="0" timestamp="18 Mar 2020 07:30:16 GMT">
  <testcase classname="qaclcikacademy.APItTest" name="actiondata" time="0.001"/>
  <testcase classname="qaclcikacademy.APItTest" name="postjira" time="0.001"/>
</testsuite> <!-- qaclcikacademy.APItTest -->
