<?xml version="1.0" encoding="UTF-8"?>
<!-- Generated by org.testng.reporters.JUnitReportReporter -->
<testsuite hostname="DESKTOP-05GF38H" failures="0" tests="2" name="qaclcikacademy.SeleniumTest" time="0.016" errors="0" timestamp="18 Mar 2020 10:11:23 GMT">
  <testcase classname="qaclcikacademy.SeleniumTest" name="BrowesrAutomation" time="0.015"/>
  <testcase classname="qaclcikacademy.SeleniumTest" name="element" time="0.001"/>
</testsuite> <!-- qaclcikacademy.SeleniumTest -->
