<?xml version="1.0" encoding="UTF-8"?>
<!-- Generated by org.testng.reporters.JUnitReportReporter -->
<testsuite hostname="DESKTOP-05GF38H" failures="0" tests="2" name="qaclcikacademy.APItTest" time="0.007" errors="0" timestamp="14 Aug 2020 11:31:05 GMT">
  <testcase classname="qaclcikacademy.APItTest" name="actiondata" time="0.007"/>
  <testcase classname="qaclcikacademy.APItTest" name="postjira" time="0.000"/>
</testsuite> <!-- qaclcikacademy.APItTest -->
