<?xml version="1.0" encoding="UTF-8"?>
<!-- Generated by org.testng.reporters.JUnitReportReporter -->
<testsuite hostname="DESKTOP-05GF38H" failures="0" tests="2" name="qaclcikacademy.AppiumTest" time="0.016" errors="0" timestamp="15 Aug 2020 06:48:22 GMT">
  <testcase classname="qaclcikacademy.AppiumTest" name="postelement" time="0.001"/>
  <testcase classname="qaclcikacademy.AppiumTest" name="Browesr" time="0.015"/>
</testsuite> <!-- qaclcikacademy.AppiumTest -->
