<?xml version="1.0" encoding="UTF-8"?>
<!-- Generated by org.testng.reporters.JUnitReportReporter -->
<testsuite hostname="DESKTOP-05GF38H" failures="0" tests="2" name="qaclcikacademy.SeleniumTest" time="0.002" errors="0" timestamp="15 Aug 2020 06:48:22 GMT">
  <testcase classname="qaclcikacademy.SeleniumTest" name="BrowesrAutomation" time="0.001"/>
  <testcase classname="qaclcikacademy.SeleniumTest" name="element" time="0.001"/>
</testsuite> <!-- qaclcikacademy.SeleniumTest -->
